[1.970s] DEBUG:colcon:Command line arguments: ['/usr/bin/colcon', 'build']
[1.970s] DEBUG:colcon:Parsed command line arguments: Namespace(allow_overriding=[], ament_cmake_args=None, base_paths=['.'], build_base='build', catkin_cmake_args=None, catkin_skip_building_tests=False, cmake_args=None, cmake_clean_cache=False, cmake_clean_first=False, cmake_force_configure=False, cmake_target=None, cmake_target_skip_unavailable=False, continue_on_error=False, event_handlers=None, executor='parallel', ignore_user_meta=False, install_base='install', log_base=None, log_level=None, main=<bound method BuildVerb.main of <colcon_core.verb.build.BuildVerb object at 0x7fb4db3be0>>, merge_install=False, metas=['./colcon.meta'], mixin=None, mixin_files=None, mixin_verb=('build',), packages_above=None, packages_above_and_dependencies=None, packages_above_depth=None, packages_end=None, packages_ignore=None, packages_ignore_regex=None, packages_select=None, packages_select_build_failed=False, packages_select_by_dep=None, packages_select_regex=None, packages_select_test_failures=False, packages_skip=None, packages_skip_build_finished=False, packages_skip_by_dep=None, packages_skip_regex=None, packages_skip_test_passed=False, packages_skip_up_to=None, packages_start=None, packages_up_to=None, packages_up_to_regex=None, parallel_workers=4, paths=None, symlink_install=False, test_result_base=None, verb_extension=<colcon_core.verb.build.BuildVerb object at 0x7fb4db3be0>, verb_name='build', verb_parser=<colcon_mixin.mixin.mixin_argument.MixinArgumentDecorator object at 0x7fb514d1f0>)
[3.145s] Level 1:colcon.colcon_core.package_discovery:discover_packages(colcon_meta) check parameters
[3.145s] Level 1:colcon.colcon_core.package_discovery:discover_packages(recursive) check parameters
[3.145s] Level 1:colcon.colcon_core.package_discovery:discover_packages(ignore) check parameters
[3.145s] Level 1:colcon.colcon_core.package_discovery:discover_packages(path) check parameters
[3.145s] Level 1:colcon.colcon_core.package_discovery:discover_packages(colcon_meta) discover
[3.146s] Level 1:colcon.colcon_core.package_discovery:discover_packages(recursive) discover
[3.146s] INFO:colcon.colcon_core.package_discovery:Crawling recursively for packages in '/home/jetson/NAV/src/arm_pkg'
[3.146s] Level 1:colcon.colcon_core.package_identification:_identify(.) by extensions ['ignore', 'ignore_ament_install']
[3.147s] Level 1:colcon.colcon_core.package_identification:_identify(.) by extension 'ignore'
[3.147s] Level 1:colcon.colcon_core.package_identification:_identify(.) by extension 'ignore_ament_install'
[3.147s] Level 1:colcon.colcon_core.package_identification:_identify(.) by extensions ['colcon_pkg']
[3.147s] Level 1:colcon.colcon_core.package_identification:_identify(.) by extension 'colcon_pkg'
[3.148s] Level 1:colcon.colcon_core.package_identification:_identify(.) by extensions ['colcon_meta']
[3.148s] Level 1:colcon.colcon_core.package_identification:_identify(.) by extension 'colcon_meta'
[3.148s] Level 1:colcon.colcon_core.package_identification:_identify(.) by extensions ['ros']
[3.148s] Level 1:colcon.colcon_core.package_identification:_identify(.) by extension 'ros'
[3.229s] DEBUG:colcon.colcon_core.package_identification:Package '.' with type 'ros.ament_python' and name 'arm_pkg'
[3.230s] Level 1:colcon.colcon_core.package_discovery:discover_packages(recursive) using defaults
[3.230s] Level 1:colcon.colcon_core.package_discovery:discover_packages(ignore) discover
[3.230s] Level 1:colcon.colcon_core.package_discovery:discover_packages(ignore) using defaults
[3.230s] Level 1:colcon.colcon_core.package_discovery:discover_packages(path) discover
[3.230s] Level 1:colcon.colcon_core.package_discovery:discover_packages(path) using defaults
[3.347s] Level 1:colcon.colcon_core.package_discovery:discover_packages(prefix_path) check parameters
[3.347s] Level 1:colcon.colcon_core.package_discovery:discover_packages(prefix_path) discover
[3.362s] DEBUG:colcon.colcon_installed_package_information.package_discovery:Found 256 installed packages in /opt/ros/foxy
[3.371s] Level 1:colcon.colcon_core.package_discovery:discover_packages(prefix_path) using defaults
[3.720s] Level 5:colcon.colcon_core.verb:set package 'arm_pkg' build argument 'cmake_args' from command line to 'None'
[3.720s] Level 5:colcon.colcon_core.verb:set package 'arm_pkg' build argument 'cmake_target' from command line to 'None'
[3.720s] Level 5:colcon.colcon_core.verb:set package 'arm_pkg' build argument 'cmake_target_skip_unavailable' from command line to 'False'
[3.721s] Level 5:colcon.colcon_core.verb:set package 'arm_pkg' build argument 'cmake_clean_cache' from command line to 'False'
[3.721s] Level 5:colcon.colcon_core.verb:set package 'arm_pkg' build argument 'cmake_clean_first' from command line to 'False'
[3.721s] Level 5:colcon.colcon_core.verb:set package 'arm_pkg' build argument 'cmake_force_configure' from command line to 'False'
[3.721s] Level 5:colcon.colcon_core.verb:set package 'arm_pkg' build argument 'ament_cmake_args' from command line to 'None'
[3.721s] Level 5:colcon.colcon_core.verb:set package 'arm_pkg' build argument 'catkin_cmake_args' from command line to 'None'
[3.721s] Level 5:colcon.colcon_core.verb:set package 'arm_pkg' build argument 'catkin_skip_building_tests' from command line to 'False'
[3.721s] DEBUG:colcon.colcon_core.verb:Building package 'arm_pkg' with the following arguments: {'ament_cmake_args': None, 'build_base': '/home/jetson/NAV/src/arm_pkg/build/arm_pkg', 'catkin_cmake_args': None, 'catkin_skip_building_tests': False, 'cmake_args': None, 'cmake_clean_cache': False, 'cmake_clean_first': False, 'cmake_force_configure': False, 'cmake_target': None, 'cmake_target_skip_unavailable': False, 'install_base': '/home/jetson/NAV/src/arm_pkg/install/arm_pkg', 'merge_install': False, 'path': '/home/jetson/NAV/src/arm_pkg', 'symlink_install': False, 'test_result_base': None}
[3.722s] INFO:colcon.colcon_core.executor:Executing jobs using 'parallel' executor
[3.725s] DEBUG:colcon.colcon_parallel_executor.executor.parallel:run_until_complete
[3.726s] INFO:colcon.colcon_ros.task.ament_python.build:Building ROS package in '/home/jetson/NAV/src/arm_pkg' with build type 'ament_python'
[3.727s] Level 1:colcon.colcon_core.shell:create_environment_hook('arm_pkg', 'ament_prefix_path')
[3.747s] INFO:colcon.colcon_core.plugin_system:Skipping extension 'colcon_core.shell.bat': Not used on non-Windows systems
[3.748s] INFO:colcon.colcon_core.shell:Creating environment hook '/home/jetson/NAV/src/arm_pkg/install/arm_pkg/share/arm_pkg/hook/ament_prefix_path.ps1'
[3.752s] INFO:colcon.colcon_core.shell:Creating environment descriptor '/home/jetson/NAV/src/arm_pkg/install/arm_pkg/share/arm_pkg/hook/ament_prefix_path.dsv'
[3.755s] INFO:colcon.colcon_core.shell:Creating environment hook '/home/jetson/NAV/src/arm_pkg/install/arm_pkg/share/arm_pkg/hook/ament_prefix_path.sh'
[3.760s] INFO:colcon.colcon_core.shell:Skip shell extension 'powershell' for command environment: Not usable outside of PowerShell
[3.760s] DEBUG:colcon.colcon_core.shell:Skip shell extension 'dsv' for command environment
[3.768s] DEBUG:colcon.colcon_core.shell:Ignoring prefix path '/home/jetson/catkin_ws/devel'
[5.106s] INFO:colcon.colcon_core.task.python.build:Building Python package in '/home/jetson/NAV/src/arm_pkg'
[5.108s] INFO:colcon.colcon_core.shell:Skip shell extension 'powershell' for command environment: Not usable outside of PowerShell
[5.108s] DEBUG:colcon.colcon_core.shell:Skip shell extension 'dsv' for command environment
[5.116s] DEBUG:colcon.colcon_core.shell:Ignoring prefix path '/home/jetson/catkin_ws/devel'
[7.654s] DEBUG:colcon.colcon_core.event_handler.log_command:Invoking command in '/home/jetson/NAV/src/arm_pkg': PYTHONPATH=/home/jetson/NAV/src/arm_pkg/build/arm_pkg/prefix_override:/usr/lib/python3/dist-packages/colcon_core/task/python/colcon_distutils_commands:/home/jetson/NAV/src/arm_pkg/install/arm_pkg/lib/python3.8/site-packages:${PYTHONPATH} /usr/bin/python3 -W ignore:setup.py install is deprecated -W ignore:easy_install command is deprecated setup.py egg_info --egg-base build/arm_pkg build --build-base /home/jetson/NAV/src/arm_pkg/build/arm_pkg/build install --record /home/jetson/NAV/src/arm_pkg/build/arm_pkg/install.log --install-scripts $base/lib/arm_pkg --single-version-externally-managed install_data
[9.142s] DEBUG:colcon.colcon_core.event_handler.log_command:Invoked command in '/home/jetson/NAV/src/arm_pkg' returned '0': PYTHONPATH=/home/jetson/NAV/src/arm_pkg/build/arm_pkg/prefix_override:/usr/lib/python3/dist-packages/colcon_core/task/python/colcon_distutils_commands:/home/jetson/NAV/src/arm_pkg/install/arm_pkg/lib/python3.8/site-packages:${PYTHONPATH} /usr/bin/python3 -W ignore:setup.py install is deprecated -W ignore:easy_install command is deprecated setup.py egg_info --egg-base build/arm_pkg build --build-base /home/jetson/NAV/src/arm_pkg/build/arm_pkg/build install --record /home/jetson/NAV/src/arm_pkg/build/arm_pkg/install.log --install-scripts $base/lib/arm_pkg --single-version-externally-managed install_data
[9.162s] Level 1:colcon.colcon_core.environment:checking '/home/jetson/NAV/src/arm_pkg/install/arm_pkg' for CMake module files
[9.165s] Level 1:colcon.colcon_core.environment:checking '/home/jetson/NAV/src/arm_pkg/install/arm_pkg' for CMake config files
[9.168s] Level 1:colcon.colcon_core.environment:checking '/home/jetson/NAV/src/arm_pkg/install/arm_pkg/lib'
[9.168s] Level 1:colcon.colcon_core.environment:checking '/home/jetson/NAV/src/arm_pkg/install/arm_pkg/bin'
[9.169s] Level 1:colcon.colcon_core.environment:checking '/home/jetson/NAV/src/arm_pkg/install/arm_pkg/lib/pkgconfig/arm_pkg.pc'
[9.169s] Level 1:colcon.colcon_core.environment:checking '/home/jetson/NAV/src/arm_pkg/install/arm_pkg/lib/python3.8/site-packages'
[9.170s] Level 1:colcon.colcon_core.shell:create_environment_hook('arm_pkg', 'pythonpath')
[9.171s] INFO:colcon.colcon_core.shell:Creating environment hook '/home/jetson/NAV/src/arm_pkg/install/arm_pkg/share/arm_pkg/hook/pythonpath.ps1'
[9.173s] INFO:colcon.colcon_core.shell:Creating environment descriptor '/home/jetson/NAV/src/arm_pkg/install/arm_pkg/share/arm_pkg/hook/pythonpath.dsv'
[9.174s] INFO:colcon.colcon_core.shell:Creating environment hook '/home/jetson/NAV/src/arm_pkg/install/arm_pkg/share/arm_pkg/hook/pythonpath.sh'
[9.176s] Level 1:colcon.colcon_core.environment:checking '/home/jetson/NAV/src/arm_pkg/install/arm_pkg/bin'
[9.176s] Level 1:colcon.colcon_core.environment:create_environment_scripts_only(arm_pkg)
[9.178s] INFO:colcon.colcon_core.shell:Creating package script '/home/jetson/NAV/src/arm_pkg/install/arm_pkg/share/arm_pkg/package.ps1'
[9.184s] INFO:colcon.colcon_core.shell:Creating package descriptor '/home/jetson/NAV/src/arm_pkg/install/arm_pkg/share/arm_pkg/package.dsv'
[9.187s] INFO:colcon.colcon_core.shell:Creating package script '/home/jetson/NAV/src/arm_pkg/install/arm_pkg/share/arm_pkg/package.sh'
[9.190s] INFO:colcon.colcon_core.shell:Creating package script '/home/jetson/NAV/src/arm_pkg/install/arm_pkg/share/arm_pkg/package.bash'
[9.195s] INFO:colcon.colcon_core.shell:Creating package script '/home/jetson/NAV/src/arm_pkg/install/arm_pkg/share/arm_pkg/package.zsh'
[9.199s] Level 1:colcon.colcon_core.environment:create_file_with_runtime_dependencies(/home/jetson/NAV/src/arm_pkg/install/arm_pkg/share/colcon-core/packages/arm_pkg)
[9.201s] DEBUG:colcon.colcon_parallel_executor.executor.parallel:closing loop
[9.202s] DEBUG:colcon.colcon_parallel_executor.executor.parallel:loop closed
[9.202s] DEBUG:colcon.colcon_parallel_executor.executor.parallel:run_until_complete finished with '0'
[9.202s] DEBUG:colcon.colcon_core.event_reactor:joining thread
[9.229s] INFO:colcon.colcon_core.plugin_system:Skipping extension 'colcon_notification.desktop_notification.terminal_notifier': Not used on non-Darwin systems
[9.229s] INFO:colcon.colcon_core.plugin_system:Skipping extension 'colcon_notification.desktop_notification.win32': Not used on non-Windows systems
[9.229s] INFO:colcon.colcon_notification.desktop_notification:Sending desktop notification using 'notify2'
[9.288s] DEBUG:colcon.colcon_core.event_reactor:joined thread
[9.290s] INFO:colcon.colcon_core.shell:Creating prefix script '/home/jetson/NAV/src/arm_pkg/install/local_setup.ps1'
[9.295s] INFO:colcon.colcon_core.shell:Creating prefix util module '/home/jetson/NAV/src/arm_pkg/install/_local_setup_util_ps1.py'
[9.302s] INFO:colcon.colcon_core.shell:Creating prefix chain script '/home/jetson/NAV/src/arm_pkg/install/setup.ps1'
[9.310s] INFO:colcon.colcon_core.shell:Creating prefix script '/home/jetson/NAV/src/arm_pkg/install/local_setup.sh'
[9.313s] INFO:colcon.colcon_core.shell:Creating prefix util module '/home/jetson/NAV/src/arm_pkg/install/_local_setup_util_sh.py'
[9.315s] INFO:colcon.colcon_core.shell:Creating prefix chain script '/home/jetson/NAV/src/arm_pkg/install/setup.sh'
[9.320s] INFO:colcon.colcon_core.shell:Creating prefix script '/home/jetson/NAV/src/arm_pkg/install/local_setup.bash'
[9.323s] INFO:colcon.colcon_core.shell:Creating prefix chain script '/home/jetson/NAV/src/arm_pkg/install/setup.bash'
[9.329s] INFO:colcon.colcon_core.shell:Creating prefix script '/home/jetson/NAV/src/arm_pkg/install/local_setup.zsh'
[9.332s] INFO:colcon.colcon_core.shell:Creating prefix chain script '/home/jetson/NAV/src/arm_pkg/install/setup.zsh'
