[4.675s] Invoking command in '/home/jetson/NAV/src/arm_pkg': PS1=(venvnav) \[\e]0;\u@\h: \w\a\]${debian_chroot:+($debian_chroot)}\[\033[01;32m\]\u@\h\[\033[00m\]:\[\033[01;34m\]\w\[\033[00m\]\$ PYTHONPATH=/home/jetson/NAV/build/arm_pkg/prefix_override:/usr/lib/python3/dist-packages/colcon_core/task/python/colcon_distutils_commands:/home/jetson/NAV/install/arm_pkg/lib/python3.8/site-packages:${PYTHONPATH} /usr/bin/python3 -W ignore:setup.py install is deprecated -W ignore:easy_install command is deprecated setup.py egg_info --egg-base ../../build/arm_pkg build --build-base /home/jetson/NAV/build/arm_pkg/build install --record /home/jetson/NAV/build/arm_pkg/install.log --install-scripts $base/lib/arm_pkg --single-version-externally-managed install_data
[6.029s] /usr/local/lib/python3.8/dist-packages/setuptools/dist.py:717: UserWarning: Usage of dash-separated 'script-dir' will not be supported in future versions. Please use the underscore name 'script_dir' instead
[6.030s]   warnings.warn(
[6.187s] running egg_info
[6.190s] writing ../../build/arm_pkg/arm_pkg.egg-info/PKG-INFO
[6.192s] writing dependency_links to ../../build/arm_pkg/arm_pkg.egg-info/dependency_links.txt
[6.192s] writing entry points to ../../build/arm_pkg/arm_pkg.egg-info/entry_points.txt
[6.192s] writing requirements to ../../build/arm_pkg/arm_pkg.egg-info/requires.txt
[6.193s] writing top-level names to ../../build/arm_pkg/arm_pkg.egg-info/top_level.txt
[6.219s] reading manifest file '../../build/arm_pkg/arm_pkg.egg-info/SOURCES.txt'
[6.226s] writing manifest file '../../build/arm_pkg/arm_pkg.egg-info/SOURCES.txt'
[6.227s] running build
[6.227s] running build_py
[6.228s] running install
[6.231s] running install_lib
[6.238s] running install_data
[6.238s] running install_egg_info
[6.247s] removing '/home/jetson/NAV/install/arm_pkg/lib/python3.8/site-packages/arm_pkg-0.0.0-py3.8.egg-info' (and everything under it)
[6.248s] Copying ../../build/arm_pkg/arm_pkg.egg-info to /home/jetson/NAV/install/arm_pkg/lib/python3.8/site-packages/arm_pkg-0.0.0-py3.8.egg-info
[6.256s] running install_scripts
[6.336s] Installing arm_node script to /home/jetson/NAV/install/arm_pkg/lib/arm_pkg
[6.337s] writing list of installed files to '/home/jetson/NAV/build/arm_pkg/install.log'
[6.449s] Invoked command in '/home/jetson/NAV/src/arm_pkg' returned '0': PS1=(venvnav) \[\e]0;\u@\h: \w\a\]${debian_chroot:+($debian_chroot)}\[\033[01;32m\]\u@\h\[\033[00m\]:\[\033[01;34m\]\w\[\033[00m\]\$ PYTHONPATH=/home/jetson/NAV/build/arm_pkg/prefix_override:/usr/lib/python3/dist-packages/colcon_core/task/python/colcon_distutils_commands:/home/jetson/NAV/install/arm_pkg/lib/python3.8/site-packages:${PYTHONPATH} /usr/bin/python3 -W ignore:setup.py install is deprecated -W ignore:easy_install command is deprecated setup.py egg_info --egg-base ../../build/arm_pkg build --build-base /home/jetson/NAV/build/arm_pkg/build install --record /home/jetson/NAV/build/arm_pkg/install.log --install-scripts $base/lib/arm_pkg --single-version-externally-managed install_data
