[5.461s] Invoking command in '/home/jetson/NAV/src/arm_pkg': PYTHONPATH=/home/jetson/NAV/build/arm_pkg/prefix_override:/usr/lib/python3/dist-packages/colcon_core/task/python/colcon_distutils_commands:/home/jetson/NAV/install/arm_pkg/lib/python3.8/site-packages:${PYTHONPATH} /usr/bin/python3 -W ignore:setup.py install is deprecated -W ignore:easy_install command is deprecated setup.py egg_info --egg-base ../../build/arm_pkg build --build-base /home/jetson/NAV/build/arm_pkg/build install --record /home/jetson/NAV/build/arm_pkg/install.log --install-scripts $base/lib/arm_pkg --single-version-externally-managed install_data
[6.660s] /usr/local/lib/python3.8/dist-packages/setuptools/dist.py:717: UserWarning: Usage of dash-separated 'script-dir' will not be supported in future versions. Please use the underscore name 'script_dir' instead
[6.661s]   warnings.warn(
[6.801s] running egg_info
[6.805s] writing ../../build/arm_pkg/arm_pkg.egg-info/PKG-INFO
[6.809s] writing dependency_links to ../../build/arm_pkg/arm_pkg.egg-info/dependency_links.txt
[6.809s] writing entry points to ../../build/arm_pkg/arm_pkg.egg-info/entry_points.txt
[6.810s] writing requirements to ../../build/arm_pkg/arm_pkg.egg-info/requires.txt
[6.811s] writing top-level names to ../../build/arm_pkg/arm_pkg.egg-info/top_level.txt
[6.834s] reading manifest file '../../build/arm_pkg/arm_pkg.egg-info/SOURCES.txt'
[6.839s] writing manifest file '../../build/arm_pkg/arm_pkg.egg-info/SOURCES.txt'
[6.839s] running build
[6.840s] running build_py
[6.842s] copying arm_pkg/terbang.py -> /home/jetson/NAV/build/arm_pkg/build/lib/arm_pkg
[6.846s] copying arm_pkg/arm.py -> /home/jetson/NAV/build/arm_pkg/build/lib/arm_pkg
[6.848s] running install
[6.851s] running install_lib
[6.855s] copying /home/jetson/NAV/build/arm_pkg/build/lib/arm_pkg/terbang.py -> /home/jetson/NAV/install/arm_pkg/lib/python3.8/site-packages/arm_pkg
[6.855s] copying /home/jetson/NAV/build/arm_pkg/build/lib/arm_pkg/arm.py -> /home/jetson/NAV/install/arm_pkg/lib/python3.8/site-packages/arm_pkg
[6.857s] byte-compiling /home/jetson/NAV/install/arm_pkg/lib/python3.8/site-packages/arm_pkg/terbang.py to terbang.cpython-38.pyc
[6.862s] byte-compiling /home/jetson/NAV/install/arm_pkg/lib/python3.8/site-packages/arm_pkg/arm.py to arm.cpython-38.pyc
[6.863s] running install_data
[6.864s] running install_egg_info
[6.872s] removing '/home/jetson/NAV/install/arm_pkg/lib/python3.8/site-packages/arm_pkg-0.0.0-py3.8.egg-info' (and everything under it)
[6.878s] Copying ../../build/arm_pkg/arm_pkg.egg-info to /home/jetson/NAV/install/arm_pkg/lib/python3.8/site-packages/arm_pkg-0.0.0-py3.8.egg-info
[6.882s] running install_scripts
[6.961s] Installing arm_node script to /home/jetson/NAV/install/arm_pkg/lib/arm_pkg
[6.963s] writing list of installed files to '/home/jetson/NAV/build/arm_pkg/install.log'
[7.114s] Invoked command in '/home/jetson/NAV/src/arm_pkg' returned '0': PYTHONPATH=/home/jetson/NAV/build/arm_pkg/prefix_override:/usr/lib/python3/dist-packages/colcon_core/task/python/colcon_distutils_commands:/home/jetson/NAV/install/arm_pkg/lib/python3.8/site-packages:${PYTHONPATH} /usr/bin/python3 -W ignore:setup.py install is deprecated -W ignore:easy_install command is deprecated setup.py egg_info --egg-base ../../build/arm_pkg build --build-base /home/jetson/NAV/build/arm_pkg/build install --record /home/jetson/NAV/build/arm_pkg/install.log --install-scripts $base/lib/arm_pkg --single-version-externally-managed install_data
