[4.348s] Invoking command in '/home/jetson/NAV/src/arm_pkg': PS1=(venvnav) \[\e]0;\u@\h: \w\a\]${debian_chroot:+($debian_chroot)}\[\033[01;32m\]\u@\h\[\033[00m\]:\[\033[01;34m\]\w\[\033[00m\]\$ PYTHONPATH=/home/jetson/NAV/build/arm_pkg/prefix_override:/usr/lib/python3/dist-packages/colcon_core/task/python/colcon_distutils_commands:/home/jetson/NAV/install/arm_pkg/lib/python3.8/site-packages:${PYTHONPATH} /usr/bin/python3 -W ignore:setup.py install is deprecated -W ignore:easy_install command is deprecated setup.py egg_info --egg-base ../../build/arm_pkg build --build-base /home/jetson/NAV/build/arm_pkg/build install --record /home/jetson/NAV/build/arm_pkg/install.log --install-scripts $base/lib/arm_pkg --single-version-externally-managed install_data
[5.614s] /usr/local/lib/python3.8/dist-packages/setuptools/dist.py:717: UserWarning: Usage of dash-separated 'script-dir' will not be supported in future versions. Please use the underscore name 'script_dir' instead
[5.615s]   warnings.warn(
[5.762s] running egg_info
[5.765s] creating ../../build/arm_pkg/arm_pkg.egg-info
[5.765s] writing ../../build/arm_pkg/arm_pkg.egg-info/PKG-INFO
[5.766s] writing dependency_links to ../../build/arm_pkg/arm_pkg.egg-info/dependency_links.txt
[5.767s] writing entry points to ../../build/arm_pkg/arm_pkg.egg-info/entry_points.txt
[5.767s] writing requirements to ../../build/arm_pkg/arm_pkg.egg-info/requires.txt
[5.768s] writing top-level names to ../../build/arm_pkg/arm_pkg.egg-info/top_level.txt
[5.784s] writing manifest file '../../build/arm_pkg/arm_pkg.egg-info/SOURCES.txt'
[5.792s] reading manifest file '../../build/arm_pkg/arm_pkg.egg-info/SOURCES.txt'
[5.795s] writing manifest file '../../build/arm_pkg/arm_pkg.egg-info/SOURCES.txt'
[5.796s] running build
[5.796s] running build_py
[5.797s] creating /home/jetson/NAV/build/arm_pkg/build
[5.797s] creating /home/jetson/NAV/build/arm_pkg/build/lib
[5.797s] creating /home/jetson/NAV/build/arm_pkg/build/lib/arm_pkg
[5.798s] copying arm_pkg/arm.py -> /home/jetson/NAV/build/arm_pkg/build/lib/arm_pkg
[5.798s] copying arm_pkg/__init__.py -> /home/jetson/NAV/build/arm_pkg/build/lib/arm_pkg
[5.799s] running install
[5.801s] running install_lib
[5.805s] creating /home/jetson/NAV/install/arm_pkg/lib/python3.8/site-packages/arm_pkg
[5.806s] copying /home/jetson/NAV/build/arm_pkg/build/lib/arm_pkg/arm.py -> /home/jetson/NAV/install/arm_pkg/lib/python3.8/site-packages/arm_pkg
[5.806s] copying /home/jetson/NAV/build/arm_pkg/build/lib/arm_pkg/__init__.py -> /home/jetson/NAV/install/arm_pkg/lib/python3.8/site-packages/arm_pkg
[5.808s] byte-compiling /home/jetson/NAV/install/arm_pkg/lib/python3.8/site-packages/arm_pkg/arm.py to arm.cpython-38.pyc
[5.809s] byte-compiling /home/jetson/NAV/install/arm_pkg/lib/python3.8/site-packages/arm_pkg/__init__.py to __init__.cpython-38.pyc
[5.810s] running install_data
[5.810s] creating /home/jetson/NAV/install/arm_pkg/share/ament_index
[5.811s] creating /home/jetson/NAV/install/arm_pkg/share/ament_index/resource_index
[5.811s] creating /home/jetson/NAV/install/arm_pkg/share/ament_index/resource_index/packages
[5.812s] copying resource/arm_pkg -> /home/jetson/NAV/install/arm_pkg/share/ament_index/resource_index/packages
[5.812s] copying package.xml -> /home/jetson/NAV/install/arm_pkg/share/arm_pkg
[5.812s] running install_egg_info
[5.821s] Copying ../../build/arm_pkg/arm_pkg.egg-info to /home/jetson/NAV/install/arm_pkg/lib/python3.8/site-packages/arm_pkg-0.0.0-py3.8.egg-info
[5.824s] running install_scripts
[5.904s] Installing arm_node script to /home/jetson/NAV/install/arm_pkg/lib/arm_pkg
[5.904s] writing list of installed files to '/home/jetson/NAV/build/arm_pkg/install.log'
[6.014s] Invoked command in '/home/jetson/NAV/src/arm_pkg' returned '0': PS1=(venvnav) \[\e]0;\u@\h: \w\a\]${debian_chroot:+($debian_chroot)}\[\033[01;32m\]\u@\h\[\033[00m\]:\[\033[01;34m\]\w\[\033[00m\]\$ PYTHONPATH=/home/jetson/NAV/build/arm_pkg/prefix_override:/usr/lib/python3/dist-packages/colcon_core/task/python/colcon_distutils_commands:/home/jetson/NAV/install/arm_pkg/lib/python3.8/site-packages:${PYTHONPATH} /usr/bin/python3 -W ignore:setup.py install is deprecated -W ignore:easy_install command is deprecated setup.py egg_info --egg-base ../../build/arm_pkg build --build-base /home/jetson/NAV/build/arm_pkg/build install --record /home/jetson/NAV/build/arm_pkg/install.log --install-scripts $base/lib/arm_pkg --single-version-externally-managed install_data
