running egg_info
writing ../../build/arm_pkg/arm_pkg.egg-info/PKG-INFO
writing dependency_links to ../../build/arm_pkg/arm_pkg.egg-info/dependency_links.txt
writing entry points to ../../build/arm_pkg/arm_pkg.egg-info/entry_points.txt
writing requirements to ../../build/arm_pkg/arm_pkg.egg-info/requires.txt
writing top-level names to ../../build/arm_pkg/arm_pkg.egg-info/top_level.txt
reading manifest file '../../build/arm_pkg/arm_pkg.egg-info/SOURCES.txt'
writing manifest file '../../build/arm_pkg/arm_pkg.egg-info/SOURCES.txt'
running build
running build_py
copying arm_pkg/terbang.py -> /home/jetson/NAV/build/arm_pkg/build/lib/arm_pkg
running install
running install_lib
copying /home/jetson/NAV/build/arm_pkg/build/lib/arm_pkg/terbang.py -> /home/jetson/NAV/install/arm_pkg/lib/python3.8/site-packages/arm_pkg
byte-compiling /home/jetson/NAV/install/arm_pkg/lib/python3.8/site-packages/arm_pkg/terbang.py to terbang.cpython-38.pyc
running install_data
running install_egg_info
removing '/home/jetson/NAV/install/arm_pkg/lib/python3.8/site-packages/arm_pkg-0.0.0-py3.8.egg-info' (and everything under it)
Copying ../../build/arm_pkg/arm_pkg.egg-info to /home/jetson/NAV/install/arm_pkg/lib/python3.8/site-packages/arm_pkg-0.0.0-py3.8.egg-info
running install_scripts
Installing arm_node script to /home/jetson/NAV/install/arm_pkg/lib/arm_pkg
Installing fly_node script to /home/jetson/NAV/install/arm_pkg/lib/arm_pkg
writing list of installed files to '/home/jetson/NAV/build/arm_pkg/install.log'
