[5.165s] Invoking command in '/home/jetson/NAV/src/arm_pkg': PS1=(venvnav) \[\e]0;\u@\h: \w\a\]${debian_chroot:+($debian_chroot)}\[\033[01;32m\]\u@\h\[\033[00m\]:\[\033[01;34m\]\w\[\033[00m\]\$ PYTHONPATH=/home/jetson/NAV/build/arm_pkg/prefix_override:/usr/lib/python3/dist-packages/colcon_core/task/python/colcon_distutils_commands:/home/jetson/NAV/install/arm_pkg/lib/python3.8/site-packages:${PYTHONPATH} /usr/bin/python3 -W ignore:setup.py install is deprecated -W ignore:easy_install command is deprecated setup.py egg_info --egg-base ../../build/arm_pkg build --build-base /home/jetson/NAV/build/arm_pkg/build install --record /home/jetson/NAV/build/arm_pkg/install.log --install-scripts $base/lib/arm_pkg --single-version-externally-managed install_data
[6.365s] /usr/local/lib/python3.8/dist-packages/setuptools/dist.py:717: UserWarning: Usage of dash-separated 'script-dir' will not be supported in future versions. Please use the underscore name 'script_dir' instead
[6.365s]   warnings.warn(
[6.507s] running egg_info
[6.510s] writing ../../build/arm_pkg/arm_pkg.egg-info/PKG-INFO
[6.511s] writing dependency_links to ../../build/arm_pkg/arm_pkg.egg-info/dependency_links.txt
[6.513s] writing entry points to ../../build/arm_pkg/arm_pkg.egg-info/entry_points.txt
[6.513s] writing requirements to ../../build/arm_pkg/arm_pkg.egg-info/requires.txt
[6.514s] writing top-level names to ../../build/arm_pkg/arm_pkg.egg-info/top_level.txt
[6.525s] reading manifest file '../../build/arm_pkg/arm_pkg.egg-info/SOURCES.txt'
[6.532s] writing manifest file '../../build/arm_pkg/arm_pkg.egg-info/SOURCES.txt'
[6.532s] running build
[6.533s] running build_py
[6.533s] copying arm_pkg/terbang.py -> /home/jetson/NAV/build/arm_pkg/build/lib/arm_pkg
[6.534s] running install
[6.537s] running install_lib
[6.541s] copying /home/jetson/NAV/build/arm_pkg/build/lib/arm_pkg/terbang.py -> /home/jetson/NAV/install/arm_pkg/lib/python3.8/site-packages/arm_pkg
[6.544s] byte-compiling /home/jetson/NAV/install/arm_pkg/lib/python3.8/site-packages/arm_pkg/terbang.py to terbang.cpython-38.pyc
[6.548s] running install_data
[6.548s] running install_egg_info
[6.557s] removing '/home/jetson/NAV/install/arm_pkg/lib/python3.8/site-packages/arm_pkg-0.0.0-py3.8.egg-info' (and everything under it)
[6.558s] Copying ../../build/arm_pkg/arm_pkg.egg-info to /home/jetson/NAV/install/arm_pkg/lib/python3.8/site-packages/arm_pkg-0.0.0-py3.8.egg-info
[6.562s] running install_scripts
[6.643s] Installing arm_node script to /home/jetson/NAV/install/arm_pkg/lib/arm_pkg
[6.644s] Installing fly_node script to /home/jetson/NAV/install/arm_pkg/lib/arm_pkg
[6.645s] writing list of installed files to '/home/jetson/NAV/build/arm_pkg/install.log'
[6.781s] Invoked command in '/home/jetson/NAV/src/arm_pkg' returned '0': PS1=(venvnav) \[\e]0;\u@\h: \w\a\]${debian_chroot:+($debian_chroot)}\[\033[01;32m\]\u@\h\[\033[00m\]:\[\033[01;34m\]\w\[\033[00m\]\$ PYTHONPATH=/home/jetson/NAV/build/arm_pkg/prefix_override:/usr/lib/python3/dist-packages/colcon_core/task/python/colcon_distutils_commands:/home/jetson/NAV/install/arm_pkg/lib/python3.8/site-packages:${PYTHONPATH} /usr/bin/python3 -W ignore:setup.py install is deprecated -W ignore:easy_install command is deprecated setup.py egg_info --egg-base ../../build/arm_pkg build --build-base /home/jetson/NAV/build/arm_pkg/build install --record /home/jetson/NAV/build/arm_pkg/install.log --install-scripts $base/lib/arm_pkg --single-version-externally-managed install_data
