/usr/local/lib/python3.8/dist-packages/setuptools/dist.py:717: UserWarning: Usage of dash-separated 'script-dir' will not be supported in future versions. Please use the underscore name 'script_dir' instead
  warnings.warn(
running egg_info
creating build/arm_pkg/arm_pkg.egg-info
writing build/arm_pkg/arm_pkg.egg-info/PKG-INFO
writing dependency_links to build/arm_pkg/arm_pkg.egg-info/dependency_links.txt
writing entry points to build/arm_pkg/arm_pkg.egg-info/entry_points.txt
writing requirements to build/arm_pkg/arm_pkg.egg-info/requires.txt
writing top-level names to build/arm_pkg/arm_pkg.egg-info/top_level.txt
writing manifest file 'build/arm_pkg/arm_pkg.egg-info/SOURCES.txt'
reading manifest file 'build/arm_pkg/arm_pkg.egg-info/SOURCES.txt'
writing manifest file 'build/arm_pkg/arm_pkg.egg-info/SOURCES.txt'
running build
running build_py
creating /home/jetson/NAV/src/arm_pkg/build/arm_pkg/build
creating /home/jetson/NAV/src/arm_pkg/build/arm_pkg/build/lib
creating /home/jetson/NAV/src/arm_pkg/build/arm_pkg/build/lib/arm_pkg
copying arm_pkg/terbang.py -> /home/jetson/NAV/src/arm_pkg/build/arm_pkg/build/lib/arm_pkg
copying arm_pkg/arm.py -> /home/jetson/NAV/src/arm_pkg/build/arm_pkg/build/lib/arm_pkg
copying arm_pkg/__init__.py -> /home/jetson/NAV/src/arm_pkg/build/arm_pkg/build/lib/arm_pkg
running install
running install_lib
creating /home/jetson/NAV/src/arm_pkg/install/arm_pkg/lib/python3.8/site-packages/arm_pkg
copying /home/jetson/NAV/src/arm_pkg/build/arm_pkg/build/lib/arm_pkg/terbang.py -> /home/jetson/NAV/src/arm_pkg/install/arm_pkg/lib/python3.8/site-packages/arm_pkg
copying /home/jetson/NAV/src/arm_pkg/build/arm_pkg/build/lib/arm_pkg/arm.py -> /home/jetson/NAV/src/arm_pkg/install/arm_pkg/lib/python3.8/site-packages/arm_pkg
copying /home/jetson/NAV/src/arm_pkg/build/arm_pkg/build/lib/arm_pkg/__init__.py -> /home/jetson/NAV/src/arm_pkg/install/arm_pkg/lib/python3.8/site-packages/arm_pkg
byte-compiling /home/jetson/NAV/src/arm_pkg/install/arm_pkg/lib/python3.8/site-packages/arm_pkg/terbang.py to terbang.cpython-38.pyc
byte-compiling /home/jetson/NAV/src/arm_pkg/install/arm_pkg/lib/python3.8/site-packages/arm_pkg/arm.py to arm.cpython-38.pyc
byte-compiling /home/jetson/NAV/src/arm_pkg/install/arm_pkg/lib/python3.8/site-packages/arm_pkg/__init__.py to __init__.cpython-38.pyc
running install_data
creating /home/jetson/NAV/src/arm_pkg/install/arm_pkg/share/ament_index
creating /home/jetson/NAV/src/arm_pkg/install/arm_pkg/share/ament_index/resource_index
creating /home/jetson/NAV/src/arm_pkg/install/arm_pkg/share/ament_index/resource_index/packages
copying resource/arm_pkg -> /home/jetson/NAV/src/arm_pkg/install/arm_pkg/share/ament_index/resource_index/packages
copying package.xml -> /home/jetson/NAV/src/arm_pkg/install/arm_pkg/share/arm_pkg
running install_egg_info
Copying build/arm_pkg/arm_pkg.egg-info to /home/jetson/NAV/src/arm_pkg/install/arm_pkg/lib/python3.8/site-packages/arm_pkg-0.0.0-py3.8.egg-info
running install_scripts
Installing arm_node script to /home/jetson/NAV/src/arm_pkg/install/arm_pkg/lib/arm_pkg
Installing fly_node script to /home/jetson/NAV/src/arm_pkg/install/arm_pkg/lib/arm_pkg
writing list of installed files to '/home/jetson/NAV/src/arm_pkg/build/arm_pkg/install.log'
